Log file open, 08/02/19 14:33:11
LogWindows: Failed to load 'aqProf.dll' (GetLastError=126)
LogWindows: File 'aqProf.dll' does not exist
LogWindows: Failed to load 'VtuneApi.dll' (GetLastError=126)
LogWindows: File 'VtuneApi.dll' does not exist
LogWindows: Failed to load 'VtuneApi32e.dll' (GetLastError=126)
LogWindows: File 'VtuneApi32e.dll' does not exist
LogConsoleResponse: Display: Failed to find resolution value strings in scalability ini. Falling back to default.
LogInit: Display: Running engine for game: Runner
LogPakFile: Registered encryption key '00000000000000000000000000000000': 0 pak files mounted, 0 remain pending
LogPlatformFile: Not using cached read wrapper
LogTaskGraph: Started task graph with 5 named threads and 11 total threads with 3 sets of task threads.
LogStats: Stats thread started at 0.174466
LogD3D11RHI: Loaded GFSDK_Aftermath_Lib.x64.dll
LogICUInternationalization: ICU TimeZone Detection - Raw Offset: +5:30, Platform Override: ''
LogPluginManager: Mounting plugin Paper2D
LogPluginManager: Mounting plugin AISupport
LogPluginManager: Mounting plugin LightPropagationVolume
LogPluginManager: Mounting plugin ActorLayerUtilities
LogPluginManager: Mounting plugin CLionSourceCodeAccess
LogPluginManager: Mounting plugin CodeLiteSourceCodeAccess
LogPluginManager: Mounting plugin GitSourceControl
LogPluginManager: Mounting plugin KDevelopSourceCodeAccess
LogPluginManager: Mounting plugin NullSourceCodeAccess
LogPluginManager: Mounting plugin PerforceSourceControl
LogPluginManager: Mounting plugin SubversionSourceControl
LogPluginManager: Mounting plugin UObjectPlugin
LogPluginManager: Mounting plugin VisualStudioCodeSourceCodeAccess
LogPluginManager: Mounting plugin VisualStudioSourceCodeAccess
LogPluginManager: Mounting plugin XCodeSourceCodeAccess
LogPluginManager: Mounting plugin AssetManagerEditor
LogPluginManager: Mounting plugin CryptoKeys
LogPluginManager: Mounting plugin DataValidation
LogPluginManager: Mounting plugin FacialAnimation
LogPluginManager: Mounting plugin GameplayTagsEditor
LogPluginManager: Mounting plugin MacGraphicsSwitching
LogPluginManager: Mounting plugin MeshEditor
LogPluginManager: Mounting plugin MobileLauncherProfileWizard
LogPluginManager: Mounting plugin PluginBrowser
LogPluginManager: Mounting plugin SpeedTreeImporter
LogPluginManager: Mounting plugin DatasmithContent
LogPluginManager: Mounting plugin VariantManagerContent
LogPluginManager: Mounting plugin AlembicImporter
LogPluginManager: Mounting plugin AppleImageUtils
LogPluginManager: Mounting plugin AppleVision
LogPluginManager: Mounting plugin BackChannel
LogPluginManager: Mounting plugin CharacterAI
LogPluginManager: Mounting plugin GeometryCache
LogPluginManager: Mounting plugin HTML5Networking
LogPluginManager: Mounting plugin ProxyLODPlugin
LogPluginManager: Mounting plugin MagicLeap
LogPluginManager: Mounting plugin MagicLeapMedia
LogPluginManager: Mounting plugin AndroidMedia
LogPluginManager: Mounting plugin AvfMedia
LogPluginManager: Mounting plugin ImgMedia
LogPluginManager: Mounting plugin LinearTimecode
LogPluginManager: Mounting plugin MediaCompositing
LogPluginManager: Mounting plugin MediaPlayerEditor
LogPluginManager: Mounting plugin WebMMedia
LogPluginManager: Mounting plugin WmfMedia
LogPluginManager: Mounting plugin TcpMessaging
LogPluginManager: Mounting plugin UdpMessaging
LogPluginManager: Mounting plugin ActorSequence
LogPluginManager: Mounting plugin LevelSequenceEditor
LogPluginManager: Mounting plugin MatineeToLevelSequence
LogPluginManager: Mounting plugin NetcodeUnitTest
LogPluginManager: Mounting plugin NUTUnrealEngine4
LogPluginManager: Mounting plugin OnlineSubsystemGooglePlay
LogPluginManager: Mounting plugin OnlineSubsystemIOS
LogPluginManager: Mounting plugin OnlineSubsystem
LogPluginManager: Mounting plugin OnlineSubsystemNull
LogPluginManager: Mounting plugin OnlineSubsystemUtils
LogPluginManager: Mounting plugin LauncherChunkInstaller
LogPluginManager: Mounting plugin AndroidDeviceProfileSelector
LogPluginManager: Mounting plugin AndroidMoviePlayer
LogPluginManager: Mounting plugin AndroidPermission
LogPluginManager: Mounting plugin AppleMoviePlayer
LogPluginManager: Mounting plugin ArchVisCharacter
LogPluginManager: Mounting plugin AudioCapture
LogPluginManager: Mounting plugin CableComponent
LogPluginManager: Mounting plugin CustomMeshComponent
LogPluginManager: Mounting plugin EditableMesh
LogPluginManager: Mounting plugin ExampleDeviceProfileSelector
LogPluginManager: Mounting plugin Firebase
LogPluginManager: Mounting plugin GoogleCloudMessaging
LogPluginManager: Mounting plugin IOSDeviceProfileSelector
LogPluginManager: Mounting plugin LinuxDeviceProfileSelector
LogPluginManager: Mounting plugin LocationServicesBPLibrary
LogPluginManager: Mounting plugin MobilePatchingUtils
LogPluginManager: Mounting plugin OculusVR
LogPluginManager: Mounting plugin PhysXVehicles
LogPluginManager: Mounting plugin ProceduralMeshComponent
LogPluginManager: Mounting plugin RuntimePhysXCooking
LogPluginManager: Mounting plugin SteamVR
LogPluginManager: Mounting plugin WebMMoviePlayer
LogPluginManager: Mounting plugin WindowsMoviePlayer
LogStreaming: Display: Took  0.124s to configure plugins.
LogInit: Using libcurl 7.55.1-DEV
LogInit:  - built for x86_64-pc-win32
LogInit:  - supports SSL with OpenSSL/1.0.2h
LogInit:  - supports HTTP deflate (compression) using libz 1.2.8
LogInit:  - other features:
LogInit:      CURL_VERSION_SSL
LogInit:      CURL_VERSION_LIBZ
LogInit:      CURL_VERSION_IPV6
LogInit:      CURL_VERSION_ASYNCHDNS
LogInit:      CURL_VERSION_LARGEFILE
LogInit:      CURL_VERSION_IDN
LogInit:  CurlRequestOptions (configurable via config and command line):
LogInit:  - bVerifyPeer = true  - Libcurl will verify peer certificate
LogInit:  - bUseHttpProxy = false  - Libcurl will NOT use HTTP proxy
LogInit:  - bDontReuseConnections = false  - Libcurl will reuse connections
LogInit:  - MaxHostConnections = 16  - Libcurl will limit the number of connections to a host
LogInit:  - LocalHostAddr = Default
LogInit:  - BufferSize = 65536
LogInit: WinSock: version 1.1 (2.2), MaxSocks=32767, MaxUdp=65467
LogInit: Build: ++UE4+Release-4.21-CL-4753647
LogInit: Engine Version: 4.21.2-4753647+++UE4+Release-4.21
LogInit: Compatible Engine Version: 4.21.0-4541578+++UE4+Release-4.21
LogInit: Net CL: 4541578
LogInit: OS: Windows 10 (), CPU: Intel(R) Core(TM) i5-7200U CPU @ 2.50GHz, GPU: Intel(R) HD Graphics 620
LogInit: Compiled (64-bit): Jan 19 2019 02:07:31
LogInit: Compiled with Visual C++: 19.13.26129.00
LogInit: Build Configuration: Development
LogInit: Branch Name: ++UE4+Release-4.21
LogInit: Command Line: 
LogInit: Base Directory: C:/Program Files/Epic Games/UE_4.21/Engine/Binaries/Win64/
LogInit: Installed Engine Build: 1
LogDevObjectVersion: Number of dev versions registered: 22
LogDevObjectVersion:   Dev-Blueprints (B0D832E4-1F89-4F0D-ACCF-7EB736FD4AA2): 10
LogDevObjectVersion:   Dev-Build (E1C64328-A22C-4D53-A36C-8E866417BD8C): 0
LogDevObjectVersion:   Dev-Core (375EC13C-06E4-48FB-B500-84F0262A717E): 2
LogDevObjectVersion:   Dev-Editor (E4B068ED-F494-42E9-A231-DA0B2E46BB41): 26
LogDevObjectVersion:   Dev-Framework (CFFC743F-43B0-4480-9391-14DF171D2073): 34
LogDevObjectVersion:   Dev-Mobile (B02B49B5-BB20-44E9-A304-32B752E40360): 2
LogDevObjectVersion:   Dev-Networking (A4E4105C-59A1-49B5-A7C5-40C4547EDFEE): 0
LogDevObjectVersion:   Dev-Online (39C831C9-5AE6-47DC-9A44-9C173E1C8E7C): 0
LogDevObjectVersion:   Dev-Physics (78F01B33-EBEA-4F98-B9B4-84EACCB95AA2): 0
LogDevObjectVersion:   Dev-Platform (6631380F-2D4D-43E0-8009-CF276956A95A): 0
LogDevObjectVersion:   Dev-Rendering (12F88B9F-8875-4AFC-A67C-D90C383ABD29): 27
LogDevObjectVersion:   Dev-Sequencer (7B5AE74C-D270-4C10-A958-57980B212A5A): 9
LogDevObjectVersion:   Dev-VR (D7296918-1DD6-4BDD-9DE2-64A83CC13884): 2
LogDevObjectVersion:   Dev-LoadTimes (C2A15278-BFE7-4AFE-6C17-90FF531DF755): 1
LogDevObjectVersion:   Private-Geometry (6EACA3D4-40EC-4CC1-B786-8BED09428FC5): 3
LogDevObjectVersion:   Dev-AnimPhys (29E575DD-E0A3-4627-9D10-D276232CDCEA): 17
LogDevObjectVersion:   Dev-Anim (AF43A65D-7FD3-4947-9873-3E8ED9C1BB05): 2
LogDevObjectVersion:   Dev-ReflectionCapture (6B266CEC-1EC7-4B8F-A30B-E4D90942FC07): 1
LogDevObjectVersion:   Dev-Automation (0DF73D61-A23F-47EA-B727-89E90C41499A): 1
LogDevObjectVersion:   FortniteMain (601D1886-AC64-4F84-AA16-D3DE0DEAC7D6): 17
LogDevObjectVersion:   Dev-Enterprise (9DFFBCD6-494F-0158-E221-12823C92A888): 4
LogDevObjectVersion:   Dev-Niagara (F2AED0AC-9AFE-416F-8664-AA7FFA26D6FC): 1
LogStreaming: Display: Took  0.000s to delete old logs.
LogInit: Presizing for max 8388607 objects, including 0 objects not considered by GC, pre-allocating 0 bytes for permanent pool.
LogInit: Object subsystem initialized
LogConfig: Setting CVar [[con.DebugEarlyDefault:1]]
LogConfig: Setting CVar [[r.setres:1280x720]]
[2019.08.02-09.03.11:880][  0]LogConfig: Setting CVar [[r.VSync:0]]
[2019.08.02-09.03.11:880][  0]LogConfig: Setting CVar [[r.RHICmdBypass:0]]
[2019.08.02-09.03.11:880][  0]LogConfig: Applying CVar settings from Section [/Script/Engine.RendererSettings] File [C:/Users/prasanth/Desktop/Runner/Saved/Config/Windows/Engine.ini]
[2019.08.02-09.03.11:880][  0]LogConfig: Setting CVar [[r.GPUCrashDebugging:0]]
[2019.08.02-09.03.11:880][  0]LogConfig: Applying CVar settings from Section [/Script/Engine.RendererOverrideSettings] File [C:/Users/prasanth/Desktop/Runner/Saved/Config/Windows/Engine.ini]
[2019.08.02-09.03.11:880][  0]LogConfig: Applying CVar settings from Section [/Script/Engine.StreamingSettings] File [C:/Users/prasanth/Desktop/Runner/Saved/Config/Windows/Engine.ini]
[2019.08.02-09.03.11:880][  0]LogConfig: Setting CVar [[s.MinBulkDataSizeForAsyncLoading:131072]]
[2019.08.02-09.03.11:880][  0]LogConfig: Setting CVar [[s.AsyncLoadingThreadEnabled:0]]
[2019.08.02-09.03.11:880][  0]LogConfig: Setting CVar [[s.EventDrivenLoaderEnabled:1]]
[2019.08.02-09.03.11:880][  0]LogConfig: Setting CVar [[s.WarnIfTimeLimitExceeded:0]]
[2019.08.02-09.03.11:880][  0]LogConfig: Setting CVar [[s.TimeLimitExceededMultiplier:1.5]]
[2019.08.02-09.03.11:880][  0]LogConfig: Setting CVar [[s.TimeLimitExceededMinTime:0.005]]
[2019.08.02-09.03.11:880][  0]LogConfig: Setting CVar [[s.UseBackgroundLevelStreaming:1]]
[2019.08.02-09.03.11:880][  0]LogConfig: Setting CVar [[s.PriorityAsyncLoadingExtraTime:15.0]]
[2019.08.02-09.03.11:880][  0]LogConfig: Setting CVar [[s.LevelStreamingActorsUpdateTimeLimit:5.0]]
[2019.08.02-09.03.11:880][  0]LogConfig: Setting CVar [[s.PriorityLevelStreamingActorsUpdateExtraTime:5.0]]
[2019.08.02-09.03.11:880][  0]LogConfig: Setting CVar [[s.LevelStreamingComponentsRegistrationGranularity:10]]
[2019.08.02-09.03.11:880][  0]LogConfig: Setting CVar [[s.UnregisterComponentsTimeLimit:1.0]]
[2019.08.02-09.03.11:880][  0]LogConfig: Setting CVar [[s.LevelStreamingComponentsUnregistrationGranularity:5]]
[2019.08.02-09.03.11:880][  0]LogConfig: Applying CVar settings from Section [/Script/Engine.GarbageCollectionSettings] File [C:/Users/prasanth/Desktop/Runner/Saved/Config/Windows/Engine.ini]
[2019.08.02-09.03.11:880][  0]LogConfig: Setting CVar [[gc.MaxObjectsNotConsideredByGC:1]]
[2019.08.02-09.03.11:880][  0]LogConfig: Setting CVar [[gc.SizeOfPermanentObjectPool:0]]
[2019.08.02-09.03.11:880][  0]LogConfig: Setting CVar [[gc.FlushStreamingOnGC:0]]
[2019.08.02-09.03.11:880][  0]LogConfig: Setting CVar [[gc.NumRetriesBeforeForcingGC:10]]
[2019.08.02-09.03.11:880][  0]LogConfig: Setting CVar [[gc.AllowParallelGC:1]]
[2019.08.02-09.03.11:880][  0]LogConfig: Setting CVar [[gc.TimeBetweenPurgingPendingKillObjects:61.1]]
[2019.08.02-09.03.11:880][  0]LogConfig: Setting CVar [[gc.MaxObjectsInEditor:8388607]]
[2019.08.02-09.03.11:880][  0]LogConfig: Setting CVar [[gc.IncrementalBeginDestroyEnabled:1]]
[2019.08.02-09.03.11:881][  0]LogConfig: Setting CVar [[gc.CreateGCClusters:1]]
[2019.08.02-09.03.11:881][  0]LogConfig: Setting CVar [[gc.MergeGCClusters:0]]
[2019.08.02-09.03.11:881][  0]LogConfig: Setting CVar [[gc.MinGCClusterSize:5]]
[2019.08.02-09.03.11:881][  0]LogConfig: Setting CVar [[gc.ActorClusteringEnabled:0]]
[2019.08.02-09.03.11:881][  0]LogConfig: Setting CVar [[gc.BlueprintClusteringEnabled:0]]
[2019.08.02-09.03.11:881][  0]LogConfig: Setting CVar [[gc.UseDisregardForGCOnDedicatedServers:0]]
[2019.08.02-09.03.11:881][  0]LogConfig: Applying CVar settings from Section [/Script/Engine.NetworkSettings] File [C:/Users/prasanth/Desktop/Runner/Saved/Config/Windows/Engine.ini]
[2019.08.02-09.03.11:881][  0]LogConfig: Applying CVar settings from Section [/Script/UnrealEd.CookerSettings] File [C:/Users/prasanth/Desktop/Runner/Saved/Config/Windows/Engine.ini]
[2019.08.02-09.03.11:884][  0]LogConfig: Applying CVar settings from Section [ViewDistanceQuality@3] File [C:/Users/prasanth/Desktop/Runner/Saved/Config/Windows/Scalability.ini]
[2019.08.02-09.03.11:884][  0]LogConfig: Setting CVar [[r.SkeletalMeshLODBias:0]]
[2019.08.02-09.03.11:884][  0]LogConfig: Setting CVar [[r.ViewDistanceScale:1.0]]
[2019.08.02-09.03.11:884][  0]LogConfig: Applying CVar settings from Section [AntiAliasingQuality@3] File [C:/Users/prasanth/Desktop/Runner/Saved/Config/Windows/Scalability.ini]
[2019.08.02-09.03.11:884][  0]LogConfig: Setting CVar [[r.PostProcessAAQuality:4]]
[2019.08.02-09.03.11:884][  0]LogConfig: Applying CVar settings from Section [ShadowQuality@3] File [C:/Users/prasanth/Desktop/Runner/Saved/Config/Windows/Scalability.ini]
[2019.08.02-09.03.11:884][  0]LogConfig: Setting CVar [[r.LightFunctionQuality:1]]
[2019.08.02-09.03.11:884][  0]LogConfig: Setting CVar [[r.ShadowQuality:5]]
[2019.08.02-09.03.11:884][  0]LogConfig: Setting CVar [[r.Shadow.CSM.MaxCascades:10]]
[2019.08.02-09.03.11:884][  0]LogConfig: Setting CVar [[r.Shadow.MaxResolution:2048]]
[2019.08.02-09.03.11:884][  0]LogConfig: Setting CVar [[r.Shadow.MaxCSMResolution:2048]]
[2019.08.02-09.03.11:884][  0]LogConfig: Setting CVar [[r.Shadow.RadiusThreshold:0.01]]
[2019.08.02-09.03.11:884][  0]LogConfig: Setting CVar [[r.Shadow.DistanceScale:1.0]]
[2019.08.02-09.03.11:884][  0]LogConfig: Setting CVar [[r.Shadow.CSM.TransitionScale:1.0]]
[2019.08.02-09.03.11:884][  0]LogConfig: Setting CVar [[r.Shadow.PreShadowResolutionFactor:1.0]]
[2019.08.02-09.03.11:884][  0]LogConfig: Setting CVar [[r.DistanceFieldShadowing:1]]
[2019.08.02-09.03.11:884][  0]LogConfig: Setting CVar [[r.DistanceFieldAO:1]]
[2019.08.02-09.03.11:884][  0]LogConfig: Setting CVar [[r.AOQuality:2]]
[2019.08.02-09.03.11:884][  0]LogConfig: Setting CVar [[r.VolumetricFog:1]]
[2019.08.02-09.03.11:884][  0]LogConfig: Setting CVar [[r.VolumetricFog.GridPixelSize:8]]
[2019.08.02-09.03.11:884][  0]LogConfig: Setting CVar [[r.VolumetricFog.GridSizeZ:128]]
[2019.08.02-09.03.11:884][  0]LogConfig: Setting CVar [[r.VolumetricFog.HistoryMissSupersampleCount:4]]
[2019.08.02-09.03.11:884][  0]LogConfig: Setting CVar [[r.LightMaxDrawDistanceScale:1]]
[2019.08.02-09.03.11:884][  0]LogConfig: Setting CVar [[r.CapsuleShadows:1]]
[2019.08.02-09.03.11:885][  0]LogConfig: Applying CVar settings from Section [PostProcessQuality@3] File [C:/Users/prasanth/Desktop/Runner/Saved/Config/Windows/Scalability.ini]
[2019.08.02-09.03.11:885][  0]LogConfig: Setting CVar [[r.MotionBlurQuality:4]]
[2019.08.02-09.03.11:885][  0]LogConfig: Setting CVar [[r.AmbientOcclusionMipLevelFactor:0.4]]
[2019.08.02-09.03.11:885][  0]LogConfig: Setting CVar [[r.AmbientOcclusionMaxQuality:100]]
[2019.08.02-09.03.11:885][  0]LogConfig: Setting CVar [[r.AmbientOcclusionLevels:-1]]
[2019.08.02-09.03.11:885][  0]LogConfig: Setting CVar [[r.AmbientOcclusionRadiusScale:1.0]]
[2019.08.02-09.03.11:885][  0]LogConfig: Setting CVar [[r.DepthOfFieldQuality:2]]
[2019.08.02-09.03.11:885][  0]LogConfig: Setting CVar [[r.RenderTargetPoolMin:400]]
[2019.08.02-09.03.11:885][  0]LogConfig: Setting CVar [[r.LensFlareQuality:2]]
[2019.08.02-09.03.11:885][  0]LogConfig: Setting CVar [[r.SceneColorFringeQuality:1]]
[2019.08.02-09.03.11:885][  0]LogConfig: Setting CVar [[r.EyeAdaptationQuality:2]]
[2019.08.02-09.03.11:885][  0]LogConfig: Setting CVar [[r.BloomQuality:5]]
[2019.08.02-09.03.11:885][  0]LogConfig: Setting CVar [[r.FastBlurThreshold:100]]
[2019.08.02-09.03.11:885][  0]LogConfig: Setting CVar [[r.Upscale.Quality:3]]
[2019.08.02-09.03.11:885][  0]LogConfig: Setting CVar [[r.Tonemapper.GrainQuantization:1]]
[2019.08.02-09.03.11:885][  0]LogConfig: Setting CVar [[r.LightShaftQuality:1]]
[2019.08.02-09.03.11:885][  0]LogConfig: Setting CVar [[r.Filter.SizeScale:1]]
[2019.08.02-09.03.11:885][  0]LogConfig: Setting CVar [[r.Tonemapper.Quality:5]]
[2019.08.02-09.03.11:885][  0]LogConfig: Setting CVar [[r.DOF.Gather.AccumulatorQuality:1        ; higher gathering accumulator quality]]
[2019.08.02-09.03.11:885][  0]LogConfig: Setting CVar [[r.DOF.Gather.PostfilterMethod:1          ; Median3x3 postfilering method]]
[2019.08.02-09.03.11:885][  0]LogConfig: Setting CVar [[r.DOF.Gather.EnableBokehSettings:0       ; no bokeh simulation when gathering]]
[2019.08.02-09.03.11:885][  0]LogConfig: Setting CVar [[r.DOF.Gather.RingCount:4                 ; medium number of samples when gathering]]
[2019.08.02-09.03.11:885][  0]LogConfig: Setting CVar [[r.DOF.Scatter.ForegroundCompositing:1    ; additive foreground scattering]]
[2019.08.02-09.03.11:885][  0]LogConfig: Setting CVar [[r.DOF.Scatter.BackgroundCompositing:2    ; additive background scattering]]
[2019.08.02-09.03.11:885][  0]LogConfig: Setting CVar [[r.DOF.Scatter.EnableBokehSettings:1      ; bokeh simulation when scattering]]
[2019.08.02-09.03.11:885][  0]LogConfig: Setting CVar [[r.DOF.Scatter.MaxSpriteRatio:0.1         ; only a maximum of 10% of scattered bokeh]]
[2019.08.02-09.03.11:885][  0]LogConfig: Setting CVar [[r.DOF.Recombine.Quality:1                ; cheap slight out of focus]]
[2019.08.02-09.03.11:885][  0]LogConfig: Setting CVar [[r.DOF.Recombine.EnableBokehSettings:0    ; no bokeh simulation on slight out of focus]]
[2019.08.02-09.03.11:885][  0]LogConfig: Setting CVar [[r.DOF.TemporalAAQuality:1                ; more stable temporal accumulation]]
[2019.08.02-09.03.11:885][  0]LogConfig: Setting CVar [[r.DOF.Kernel.MaxForegroundRadius:0.025]]
[2019.08.02-09.03.11:885][  0]LogConfig: Setting CVar [[r.DOF.Kernel.MaxBackgroundRadius:0.025]]
[2019.08.02-09.03.11:885][  0]LogConfig: Applying CVar settings from Section [TextureQuality@3] File [C:/Users/prasanth/Desktop/Runner/Saved/Config/Windows/Scalability.ini]
[2019.08.02-09.03.11:885][  0]LogConfig: Setting CVar [[r.Streaming.MipBias:0]]
[2019.08.02-09.03.11:885][  0]LogConfig: Setting CVar [[r.Streaming.AmortizeCPUToGPUCopy:0]]
[2019.08.02-09.03.11:885][  0]LogConfig: Setting CVar [[r.Streaming.MaxNumTexturesToStreamPerFrame:0]]
[2019.08.02-09.03.11:886][  0]LogConfig: Setting CVar [[r.Streaming.Boost:1]]
[2019.08.02-09.03.11:886][  0]LogConfig: Setting CVar [[r.MaxAnisotropy:8]]
[2019.08.02-09.03.11:886][  0]LogConfig: Setting CVar [[r.Streaming.LimitPoolSizeToVRAM:0]]
[2019.08.02-09.03.11:886][  0]LogConfig: Setting CVar [[r.Streaming.PoolSize:1000]]
[2019.08.02-09.03.11:886][  0]LogConfig: Setting CVar [[r.Streaming.MaxEffectiveScreenSize:0]]
[2019.08.02-09.03.11:886][  0]LogConfig: Applying CVar settings from Section [EffectsQuality@3] File [C:/Users/prasanth/Desktop/Runner/Saved/Config/Windows/Scalability.ini]
[2019.08.02-09.03.11:886][  0]LogConfig: Setting CVar [[r.TranslucencyLightingVolumeDim:64]]
[2019.08.02-09.03.11:886][  0]LogConfig: Setting CVar [[r.RefractionQuality:2]]
[2019.08.02-09.03.11:886][  0]LogConfig: Setting CVar [[r.SSR.Quality:3]]
[2019.08.02-09.03.11:886][  0]LogConfig: Setting CVar [[r.SceneColorFormat:4]]
[2019.08.02-09.03.11:886][  0]LogConfig: Setting CVar [[r.DetailMode:2]]
[2019.08.02-09.03.11:886][  0]LogConfig: Setting CVar [[r.TranslucencyVolumeBlur:1]]
[2019.08.02-09.03.11:886][  0]LogConfig: Setting CVar [[r.MaterialQualityLevel:1 ; High quality]]
[2019.08.02-09.03.11:886][  0]LogConfig: Setting CVar [[r.SSS.Scale:1]]
[2019.08.02-09.03.11:886][  0]LogConfig: Setting CVar [[r.SSS.SampleSet:2]]
[2019.08.02-09.03.11:886][  0]LogConfig: Setting CVar [[r.SSS.Quality:1]]
[2019.08.02-09.03.11:886][  0]LogConfig: Setting CVar [[r.SSS.HalfRes:1]]
[2019.08.02-09.03.11:886][  0]LogConfig: Setting CVar [[r.EmitterSpawnRateScale:1.0]]
[2019.08.02-09.03.11:886][  0]LogConfig: Setting CVar [[r.ParticleLightQuality:2]]
[2019.08.02-09.03.11:886][  0]LogConfig: Applying CVar settings from Section [FoliageQuality@3] File [C:/Users/prasanth/Desktop/Runner/Saved/Config/Windows/Scalability.ini]
[2019.08.02-09.03.11:886][  0]LogConfig: Setting CVar [[foliage.DensityScale:1.0]]
[2019.08.02-09.03.11:886][  0]LogConfig: Setting CVar [[grass.DensityScale:1.0]]
[2019.08.02-09.03.11:886][  0]LogInit: Selected Device Profile: [Windows]
[2019.08.02-09.03.11:886][  0]LogInit: Applying CVar settings loaded from the selected device profile: [Windows]
[2019.08.02-09.03.11:900][  0]LogHAL: Display: Platform has ~ 8 GB [8451756032 / 8589934592 / 8], which maps to Default [LargestMinGB=32, LargerMinGB=12, DefaultMinGB=8, SmallerMinGB=6, SmallestMinGB=0)
[2019.08.02-09.03.11:900][  0]LogConfig: Setting CVar [[r.Vulkan.UseRealUBs:1]]
[2019.08.02-09.03.11:900][  0]LogInit: Going up to parent DeviceProfile []
[2019.08.02-09.03.11:900][  0]LogConfig: Applying CVar settings from Section [ViewDistanceQuality@1] File [C:/Users/prasanth/Desktop/Runner/Saved/Config/Windows/Scalability.ini]
[2019.08.02-09.03.11:900][  0]LogConfig: Setting CVar [[r.SkeletalMeshLODBias:1]]
[2019.08.02-09.03.11:900][  0]LogConfig: Setting CVar [[r.ViewDistanceScale:0.6]]
[2019.08.02-09.03.11:900][  0]LogConfig: Applying CVar settings from Section [AntiAliasingQuality@1] File [C:/Users/prasanth/Desktop/Runner/Saved/Config/Windows/Scalability.ini]
[2019.08.02-09.03.11:900][  0]LogConfig: Setting CVar [[r.PostProcessAAQuality:2]]
[2019.08.02-09.03.11:900][  0]LogConfig: Applying CVar settings from Section [ShadowQuality@1] File [C:/Users/prasanth/Desktop/Runner/Saved/Config/Windows/Scalability.ini]
[2019.08.02-09.03.11:900][  0]LogConfig: Setting CVar [[r.LightFunctionQuality:1]]
[2019.08.02-09.03.11:900][  0]LogConfig: Setting CVar [[r.ShadowQuality:3]]
[2019.08.02-09.03.11:900][  0]LogConfig: Setting CVar [[r.Shadow.CSM.MaxCascades:1]]
[2019.08.02-09.03.11:900][  0]LogConfig: Setting CVar [[r.Shadow.MaxResolution:1024]]
[2019.08.02-09.03.11:900][  0]LogConfig: Setting CVar [[r.Shadow.MaxCSMResolution:1024]]
[2019.08.02-09.03.11:900][  0]LogConfig: Setting CVar [[r.Shadow.RadiusThreshold:0.05]]
[2019.08.02-09.03.11:900][  0]LogConfig: Setting CVar [[r.Shadow.DistanceScale:0.7]]
[2019.08.02-09.03.11:900][  0]LogConfig: Setting CVar [[r.Shadow.CSM.TransitionScale:0.25]]
[2019.08.02-09.03.11:900][  0]LogConfig: Setting CVar [[r.Shadow.PreShadowResolutionFactor:0.5]]
[2019.08.02-09.03.11:900][  0]LogConfig: Setting CVar [[r.DistanceFieldShadowing:0]]
[2019.08.02-09.03.11:900][  0]LogConfig: Setting CVar [[r.DistanceFieldAO:0]]
[2019.08.02-09.03.11:900][  0]LogConfig: Setting CVar [[r.VolumetricFog:0]]
[2019.08.02-09.03.11:900][  0]LogConfig: Setting CVar [[r.LightMaxDrawDistanceScale:.5]]
[2019.08.02-09.03.11:901][  0]LogConfig: Setting CVar [[r.CapsuleShadows:1]]
[2019.08.02-09.03.11:901][  0]LogConfig: Applying CVar settings from Section [PostProcessQuality@1] File [C:/Users/prasanth/Desktop/Runner/Saved/Config/Windows/Scalability.ini]
[2019.08.02-09.03.11:901][  0]LogConfig: Setting CVar [[r.MotionBlurQuality:3]]
[2019.08.02-09.03.11:901][  0]LogConfig: Setting CVar [[r.AmbientOcclusionMipLevelFactor:1.0]]
[2019.08.02-09.03.11:901][  0]LogConfig: Setting CVar [[r.AmbientOcclusionMaxQuality:60]]
[2019.08.02-09.03.11:901][  0]LogConfig: Setting CVar [[r.AmbientOcclusionLevels:-1]]
[2019.08.02-09.03.11:901][  0]LogConfig: Setting CVar [[r.AmbientOcclusionRadiusScale:1.5]]
[2019.08.02-09.03.11:901][  0]LogConfig: Setting CVar [[r.DepthOfFieldQuality:1]]
[2019.08.02-09.03.11:901][  0]LogConfig: Setting CVar [[r.RenderTargetPoolMin:350]]
[2019.08.02-09.03.11:901][  0]LogConfig: Setting CVar [[r.LensFlareQuality:0]]
[2019.08.02-09.03.11:901][  0]LogConfig: Setting CVar [[r.SceneColorFringeQuality:0]]
[2019.08.02-09.03.11:901][  0]LogConfig: Setting CVar [[r.EyeAdaptationQuality:0]]
[2019.08.02-09.03.11:901][  0]LogConfig: Setting CVar [[r.BloomQuality:4]]
[2019.08.02-09.03.11:901][  0]LogConfig: Setting CVar [[r.FastBlurThreshold:2]]
[2019.08.02-09.03.11:901][  0]LogConfig: Setting CVar [[r.Upscale.Quality:2]]
[2019.08.02-09.03.11:901][  0]LogConfig: Setting CVar [[r.Tonemapper.GrainQuantization:0]]
[2019.08.02-09.03.11:901][  0]LogConfig: Setting CVar [[r.LightShaftQuality:0]]
[2019.08.02-09.03.11:901][  0]LogConfig: Setting CVar [[r.Filter.SizeScale:0.7]]
[2019.08.02-09.03.11:901][  0]LogConfig: Setting CVar [[r.Tonemapper.Quality:2]]
[2019.08.02-09.03.11:901][  0]LogConfig: Setting CVar [[r.DOF.Gather.AccumulatorQuality:0        ; lower gathering accumulator quality]]
[2019.08.02-09.03.11:901][  0]LogConfig: Setting CVar [[r.DOF.Gather.PostfilterMethod:2          ; Max3x3 postfilering method]]
[2019.08.02-09.03.11:901][  0]LogConfig: Setting CVar [[r.DOF.Gather.EnableBokehSettings:0       ; no bokeh simulation when gathering]]
[2019.08.02-09.03.11:901][  0]LogConfig: Setting CVar [[r.DOF.Gather.RingCount:3                 ; low number of samples when gathering]]
[2019.08.02-09.03.11:901][  0]LogConfig: Setting CVar [[r.DOF.Scatter.ForegroundCompositing:0    ; no foreground scattering]]
[2019.08.02-09.03.11:901][  0]LogConfig: Setting CVar [[r.DOF.Scatter.BackgroundCompositing:0    ; no foreground scattering]]
[2019.08.02-09.03.11:901][  0]LogConfig: Setting CVar [[r.DOF.Recombine.Quality:0                ; no slight out of focus]]
[2019.08.02-09.03.11:901][  0]LogConfig: Setting CVar [[r.DOF.TemporalAAQuality:0                ; faster temporal accumulation]]
[2019.08.02-09.03.11:901][  0]LogConfig: Setting CVar [[r.DOF.Kernel.MaxForegroundRadius:0.006   ; required because low gathering and no scattering and not looking great at 1080p]]
[2019.08.02-09.03.11:901][  0]LogConfig: Setting CVar [[r.DOF.Kernel.MaxBackgroundRadius:0.006   ; required because low gathering and no scattering and not looking great at 1080p]]
[2019.08.02-09.03.11:901][  0]LogConfig: Applying CVar settings from Section [TextureQuality@1] File [C:/Users/prasanth/Desktop/Runner/Saved/Config/Windows/Scalability.ini]
[2019.08.02-09.03.11:901][  0]LogConfig: Setting CVar [[r.Streaming.MipBias:1]]
[2019.08.02-09.03.11:901][  0]LogConfig: Setting CVar [[r.Streaming.AmortizeCPUToGPUCopy:0]]
[2019.08.02-09.03.11:901][  0]LogConfig: Setting CVar [[r.Streaming.MaxNumTexturesToStreamPerFrame:0]]
[2019.08.02-09.03.11:902][  0]LogConfig: Setting CVar [[r.Streaming.Boost:1]]
[2019.08.02-09.03.11:902][  0]LogConfig: Setting CVar [[r.MaxAnisotropy:2]]
[2019.08.02-09.03.11:902][  0]LogConfig: Setting CVar [[r.Streaming.LimitPoolSizeToVRAM:1]]
[2019.08.02-09.03.11:902][  0]LogConfig: Setting CVar [[r.Streaming.PoolSize:600]]
[2019.08.02-09.03.11:902][  0]LogConfig: Setting CVar [[r.Streaming.MaxEffectiveScreenSize:0]]
[2019.08.02-09.03.11:902][  0]LogConfig: Applying CVar settings from Section [EffectsQuality@2] File [C:/Users/prasanth/Desktop/Runner/Saved/Config/Windows/Scalability.ini]
[2019.08.02-09.03.11:902][  0]LogConfig: Setting CVar [[r.TranslucencyLightingVolumeDim:48]]
[2019.08.02-09.03.11:902][  0]LogConfig: Setting CVar [[r.RefractionQuality:2]]
[2019.08.02-09.03.11:902][  0]LogConfig: Setting CVar [[r.SSR.Quality:2]]
[2019.08.02-09.03.11:902][  0]LogConfig: Setting CVar [[r.SceneColorFormat:3]]
[2019.08.02-09.03.11:902][  0]LogConfig: Setting CVar [[r.DetailMode:1]]
[2019.08.02-09.03.11:902][  0]LogConfig: Setting CVar [[r.TranslucencyVolumeBlur:1]]
[2019.08.02-09.03.11:902][  0]LogConfig: Setting CVar [[r.MaterialQualityLevel:1 ; High quality]]
[2019.08.02-09.03.11:902][  0]LogConfig: Setting CVar [[r.SSS.Scale:1]]
[2019.08.02-09.03.11:902][  0]LogConfig: Setting CVar [[r.SSS.SampleSet:1]]
[2019.08.02-09.03.11:902][  0]LogConfig: Setting CVar [[r.SSS.Quality:-1]]
[2019.08.02-09.03.11:902][  0]LogConfig: Setting CVar [[r.SSS.HalfRes:1]]
[2019.08.02-09.03.11:902][  0]LogConfig: Setting CVar [[r.EmitterSpawnRateScale:0.5]]
[2019.08.02-09.03.11:902][  0]LogConfig: Setting CVar [[r.ParticleLightQuality:1]]
[2019.08.02-09.03.11:902][  0]LogConfig: Applying CVar settings from Section [FoliageQuality@3] File [C:/Users/prasanth/Desktop/Runner/Saved/Config/Windows/Scalability.ini]
[2019.08.02-09.03.11:902][  0]LogConfig: Setting CVar [[foliage.DensityScale:1.0]]
[2019.08.02-09.03.11:902][  0]LogConfig: Setting CVar [[grass.DensityScale:1.0]]
[2019.08.02-09.03.11:902][  0]LogConfig: Applying CVar settings from Section [Startup] File [../../../Engine/Config/ConsoleVariables.ini]
[2019.08.02-09.03.11:903][  0]LogConfig: Setting CVar [[net.UseAdaptiveNetUpdateFrequency:0]]
[2019.08.02-09.03.11:903][  0]LogConfig: Applying CVar settings from Section [ConsoleVariables] File [C:/Users/prasanth/Desktop/Runner/Saved/Config/Windows/Engine.ini]
[2019.08.02-09.03.11:903][  0]LogInit: Computer: DESKTOP-6I3IUC9
[2019.08.02-09.03.11:903][  0]LogInit: User: prasanth
[2019.08.02-09.03.11:903][  0]LogInit: CPU Page size=4096, Cores=2
[2019.08.02-09.03.11:903][  0]LogInit: High frequency timer resolution =2.648436 MHz
[2019.08.02-09.03.11:903][  0]LogMemory: Memory total: Physical=7.9GB (8GB approx)
[2019.08.02-09.03.11:903][  0]LogMemory: Platform Memory Stats for Windows
[2019.08.02-09.03.11:903][  0]LogMemory: Process Physical Memory: 102.00 MB used, 102.00 MB peak
[2019.08.02-09.03.11:903][  0]LogMemory: Process Virtual Memory: 84.59 MB used, 84.59 MB peak
[2019.08.02-09.03.11:904][  0]LogMemory: Physical Memory: 3899.21 MB used,  4161.01 MB free, 8060.22 MB total
[2019.08.02-09.03.11:904][  0]LogMemory: Virtual Memory: 4628.91 MB used,  134213096.00 MB free, 134217728.00 MB total
[2019.08.02-09.03.11:928][  0]LogInit: Using OS detected language (en-US).
[2019.08.02-09.03.11:928][  0]LogInit: Using OS detected locale (en-US).
[2019.08.02-09.03.11:930][  0]LogTextLocalizationManager: No specific localization for 'en-US' exists, so the 'en' localization will be used.
[2019.08.02-09.03.12:506][  0]LogStreaming: Display: Took  0.578s to InitEngineTextLocalization.
[2019.08.02-09.03.12:506][  0]LogInit: Setting process to per monitor DPI aware
[2019.08.02-09.03.12:553][  0]LogSlate: New Slate User Created.  User Index 0, Is Virtual User: 0
[2019.08.02-09.03.12:553][  0]LogSlate: Slate User Registered.  User Index 0, Is Virtual User: 0
[2019.08.02-09.03.12:939][  0]LogHMD: Failed to initialize OpenVR with code 110
[2019.08.02-09.03.12:940][  0]LogD3D11RHI: D3D11 adapters:
[2019.08.02-09.03.13:009][  0]LogD3D11RHI:    0. 'NVIDIA GeForce 940MX' (Feature Level 11_0)
[2019.08.02-09.03.13:009][  0]LogD3D11RHI:       2019/0/4030 MB DedicatedVideo/DedicatedSystem/SharedSystem, Outputs:1, VendorId:0x10de
[2019.08.02-09.03.13:020][  0]LogD3D11RHI:    1. 'Intel(R) HD Graphics 620' (Feature Level 11_0)
[2019.08.02-09.03.13:020][  0]LogD3D11RHI:       128/0/4030 MB DedicatedVideo/DedicatedSystem/SharedSystem, Outputs:0, VendorId:0x8086
[2019.08.02-09.03.13:023][  0]LogD3D11RHI:    2. 'Microsoft Basic Render Driver' (Feature Level 11_0)
[2019.08.02-09.03.13:023][  0]LogD3D11RHI:       0/0/4030 MB DedicatedVideo/DedicatedSystem/SharedSystem, Outputs:0, VendorId:0x1414
[2019.08.02-09.03.13:023][  0]LogD3D11RHI: Chosen D3D11 Adapter: 0
[2019.08.02-09.03.13:060][  0]LogD3D11RHI: Creating new Direct3DDevice
[2019.08.02-09.03.13:061][  0]LogD3D11RHI:     GPU DeviceId: 0x179c (for the marketing name, search the web for "GPU Device Id")
[2019.08.02-09.03.13:061][  0]LogWindows: EnumDisplayDevices:
[2019.08.02-09.03.13:061][  0]LogWindows:    0. 'Intel(R) HD Graphics 620' (P:1 D:1)
[2019.08.02-09.03.13:061][  0]LogWindows:    1. 'Intel(R) HD Graphics 620' (P:0 D:0)
[2019.08.02-09.03.13:062][  0]LogWindows:    2. 'Intel(R) HD Graphics 620' (P:0 D:0)
[2019.08.02-09.03.13:062][  0]LogWindows: DebugString: PrimaryIsNotTheChoosenAdapter PrimaryIsNotTheChoosenAdapter PrimaryIsNotTheChoosenAdapter FoundDriverCount:0 
[2019.08.02-09.03.13:062][  0]LogD3D11RHI:     Adapter Name: NVIDIA GeForce 940MX
[2019.08.02-09.03.13:062][  0]LogD3D11RHI:   Driver Version: Unknown (internal:Unknown, unified:Unknown)
[2019.08.02-09.03.13:062][  0]LogD3D11RHI:      Driver Date: Unknown
[2019.08.02-09.03.13:062][  0]LogRHI: Texture pool is 1413 MB (70% of 2019 MB)
[2019.08.02-09.03.13:109][  0]LogD3D11RHI: Async texture creation enabled
[2019.08.02-09.03.13:125][  0]LogD3D11RHI: GPU Timing Frequency: 1000.000000 (Debug: 2 1)
[2019.08.02-09.03.13:605][  0]LogTemp: Display: Loaded TP AllDesktopTargetPlatform
[2019.08.02-09.03.13:623][  0]LogTemp: Display: Loaded TP MacClientTargetPlatform
[2019.08.02-09.03.13:643][  0]LogTemp: Display: Loaded TP MacNoEditorTargetPlatform
[2019.08.02-09.03.13:668][  0]LogTemp: Display: Loaded TP MacServerTargetPlatform
[2019.08.02-09.03.13:697][  0]LogTemp: Display: Loaded TP MacTargetPlatform
[2019.08.02-09.03.13:726][  0]LogTemp: Display: Loaded TP WindowsClientTargetPlatform
[2019.08.02-09.03.13:761][  0]LogTemp: Display: Loaded TP WindowsNoEditorTargetPlatform
[2019.08.02-09.03.13:798][  0]LogTemp: Display: Loaded TP WindowsServerTargetPlatform
[2019.08.02-09.03.13:816][  0]LogTemp: Display: Loaded TP WindowsTargetPlatform
[2019.08.02-09.03.14:083][  0]LogTemp: Display: Loaded TP AndroidTargetPlatform
[2019.08.02-09.03.14:083][  0]LogTemp: Display: Loaded TP AndroidTargetPlatform
[2019.08.02-09.03.14:083][  0]LogTemp: Display: Loaded TP AndroidTargetPlatform
[2019.08.02-09.03.14:083][  0]LogTemp: Display: Loaded TP AndroidTargetPlatform
[2019.08.02-09.03.14:083][  0]LogTemp: Display: Loaded TP AndroidTargetPlatform
[2019.08.02-09.03.14:083][  0]LogTemp: Display: Loaded TP AndroidTargetPlatform
[2019.08.02-09.03.14:083][  0]LogTemp: Display: Loaded TP AndroidTargetPlatform
[2019.08.02-09.03.14:083][  0]LogTemp: Display: Loaded TP AndroidTargetPlatform
[2019.08.02-09.03.14:083][  0]LogTemp: Display: Loaded TP AndroidTargetPlatform
[2019.08.02-09.03.14:083][  0]LogTemp: Display: Loaded TP AndroidTargetPlatform
[2019.08.02-09.03.14:083][  0]LogTemp: Display: Loaded TP AndroidTargetPlatform
[2019.08.02-09.03.14:083][  0]LogTemp: Display: Loaded TP AndroidTargetPlatform
[2019.08.02-09.03.14:083][  0]LogTemp: Display: Loaded TP AndroidTargetPlatform
[2019.08.02-09.03.14:083][  0]LogTemp: Display: Loaded TP AndroidTargetPlatform
[2019.08.02-09.03.14:083][  0]LogTemp: Display: Loaded TP AndroidTargetPlatform
[2019.08.02-09.03.14:083][  0]LogTemp: Display: Loaded TP AndroidTargetPlatform
[2019.08.02-09.03.14:083][  0]LogTemp: Display: Loaded TP AndroidTargetPlatform
[2019.08.02-09.03.14:083][  0]LogTemp: Display: Loaded TP AndroidTargetPlatform
[2019.08.02-09.03.14:086][  0]LogTemp: Display: Loaded TP HTML5TargetPlatform
[2019.08.02-09.03.14:186][  0]LogTemp: Display: Loaded TP IOSTargetPlatform
[2019.08.02-09.03.14:186][  0]LogTemp: Display: Loaded TP IOSTargetPlatform
[2019.08.02-09.03.14:234][  0]LogTemp: Display: Loaded TP TVOSTargetPlatform
[2019.08.02-09.03.14:234][  0]LogTemp: Display: Loaded TP TVOSTargetPlatform
[2019.08.02-09.03.14:258][  0]LogTemp: Display: Loaded TP LinuxClientTargetPlatform
[2019.08.02-09.03.14:285][  0]LogTemp: Display: Loaded TP LinuxNoEditorTargetPlatform
[2019.08.02-09.03.14:310][  0]LogTemp: Display: Loaded TP LinuxServerTargetPlatform
[2019.08.02-09.03.14:332][  0]LogTemp: Display: Loaded TP LinuxTargetPlatform
[2019.08.02-09.03.14:418][  0]LogTemp: Display: Loaded TP LuminTargetPlatform
[2019.08.02-09.03.14:418][  0]LogTemp: Display: Loaded TP LuminTargetPlatform
[2019.08.02-09.03.14:418][  0]LogTargetPlatformManager: Display: Building Assets For Windows
[2019.08.02-09.03.14:521][  0]LogShaderCompilers: Guid format shader working directory is 2 characters bigger than the processId version (../../../../../../Users/prasanth/Desktop/Runner/Intermediate/Shaders/WorkingDirectory/5804/).
[2019.08.02-09.03.14:521][  0]LogShaderCompilers: Cleaned the shader compiler working directory 'C:/Users/prasanth/AppData/Local/Temp/UnrealShaderWorkingDir/01F0CEBD474397C6682AF2BCC07BBC4A/'.
[2019.08.02-09.03.14:526][  0]LogXGEController: Cannot use XGE Controller as Incredibuild is not installed on this machine.
[2019.08.02-09.03.14:526][  0]LogShaderCompilers: Cannot use XGE Shader Compiler as Incredibuild is not installed on this machine.
[2019.08.02-09.03.14:526][  0]LogShaderCompilers: Display: Using Local Shader Compiler.
[2019.08.02-09.03.15:693][  0]LogDerivedDataCache: Display: Max Cache Size: 512 MB
[2019.08.02-09.03.15:781][  0]LogDerivedDataCache: Loaded boot cache 0.09s 71MB C:/Users/prasanth/AppData/Local/UnrealEngine/4.21/DerivedDataCache/Boot.ddc.
[2019.08.02-09.03.15:781][  0]LogDerivedDataCache: Display: Loaded Boot cache: C:/Users/prasanth/AppData/Local/UnrealEngine/4.21/DerivedDataCache/Boot.ddc
[2019.08.02-09.03.15:782][  0]LogDerivedDataCache: FDerivedDataBackendGraph:  Pak pak cache file ../../../../../../Users/prasanth/Desktop/Runner/DerivedDataCache/DDC.ddp not found, will not use a pak cache.
[2019.08.02-09.03.15:782][  0]LogDerivedDataCache: Unable to find inner node Pak for hierarchical cache Hierarchy.
[2019.08.02-09.03.15:782][  0]LogDerivedDataCache: FDerivedDataBackendGraph:  CompressedPak pak cache file ../../../../../../Users/prasanth/Desktop/Runner/DerivedDataCache/Compressed.ddp not found, will not use a pak cache.
[2019.08.02-09.03.15:782][  0]LogDerivedDataCache: Unable to find inner node CompressedPak for hierarchical cache Hierarchy.
[2019.08.02-09.03.15:807][  0]LogDerivedDataCache: Display: Pak cache opened for reading ../../../Engine/DerivedDataCache/Compressed.ddp.
[2019.08.02-09.03.15:807][  0]LogDerivedDataCache: FDerivedDataBackendGraph:  EnterprisePak pak cache file ../../../Enterprise/DerivedDataCache/Compressed.ddp not found, will not use a pak cache.
[2019.08.02-09.03.15:807][  0]LogDerivedDataCache: Unable to find inner node EnterprisePak for hierarchical cache Hierarchy.
[2019.08.02-09.03.15:820][  0]LogDerivedDataCache: Using Local data cache path C:/Users/prasanth/AppData/Local/UnrealEngine/Common/DerivedDataCache: Writable
[2019.08.02-09.03.15:820][  0]LogDerivedDataCache: Shared data cache path not found in *engine.ini, will not use an Shared cache.
[2019.08.02-09.03.15:820][  0]LogDerivedDataCache: Unable to find inner node Shared for hierarchical cache Hierarchy.
[2019.08.02-09.03.15:864][  0]LogMaterial: Verifying Global Shaders for PCD3D_SM5
[2019.08.02-09.03.15:867][  0]LogSlate: Using FreeType 2.6.0
[2019.08.02-09.03.15:868][  0]LogSlate: SlateFontServices - WITH_FREETYPE: 1, WITH_HARFBUZZ: 1
[2019.08.02-09.03.16:035][  0]LogAssetRegistry: FAssetRegistry took 0.0477 seconds to start up
[2019.08.02-09.03.16:712][  0]LogInit: Selected Device Profile: [Windows]
[2019.08.02-09.03.17:025][  0]LogSimplygon: Simplygon DLL not present - disabling.
[2019.08.02-09.03.17:031][  0]LogMeshReduction: Using SimplygonSwarm for distributed automatic mesh merging
[2019.08.02-09.03.17:031][  0]LogMeshReduction: Using ProxyLODMeshReduction for automatic mesh merging
[2019.08.02-09.03.17:031][  0]LogMeshReduction: Using QuadricMeshReduction for automatic static mesh reduction
[2019.08.02-09.03.17:031][  0]LogMeshReduction: No automatic skeletal mesh reduction module available
[2019.08.02-09.03.17:061][  0]LogNetVersion: Runner 1.0.0, NetCL: 4541578, EngineNetVer: 5, GameNetVer: 0 (Checksum: 895048800)
[2019.08.02-09.03.18:154][  0]LogPackageLocalizationCache: Processed 11 localized package path(s) for 2 prioritized culture(s) in 0.162851 seconds
[2019.08.02-09.03.18:165][  0]LogUObjectArray: 39775 objects as part of root set at end of initial load.
[2019.08.02-09.03.18:165][  0]LogUObjectAllocator: 6914656 out of 0 bytes used by permanent object pool.
[2019.08.02-09.03.18:165][  0]LogUObjectArray: CloseDisregardForGC: 0/0 objects in disregard for GC pool
